Using pre-set license
Built from '2020.3/staging' branch; Version is '2020.3.5f1 (8095aa901b9b) revision 8426922'; Using compiler version '192528614'; Build Type 'Release'
OS: 'Windows 10 Home; OS build 19043.1165; Version 2009; 64bit' Language: 'ja' Physical Memory: 32717 MB
BatchMode: 1, IsHumanControllingUs: 0, StartBugReporterOnCrash: 0, Is64bit: 1, IsPro: 0

 COMMAND LINE ARGUMENTS:
C:\Program Files\Unity\2020.3.5f1\Editor\Unity.exe
-adb2
-batchMode
-noUpm
-name
AssetImportWorker0
-projectPath
C:/Github/UnityTest/New Unity Project
-logFile
Logs/AssetImportWorker0.log
-srvPort
49528
Successfully changed project path to: C:/Github/UnityTest/New Unity Project
C:/Github/UnityTest/New Unity Project
Using Asset Import Pipeline V2.
Refreshing native plugins compatible for Editor in 60.84 ms, found 4 plugins.
Preloading 1 native plugins for Editor in 0.87 ms.
Initialize engine version: 2020.3.5f1 (8095aa901b9b)
[Subsystems] Discovering subsystems at path C:/Program Files/Unity/2020.3.5f1/Editor/Data/Resources/UnitySubsystems
[Subsystems] Discovering subsystems at path C:/Github/UnityTest/New Unity Project/Assets
GfxDevice: creating device client; threaded=0
Direct3D:
    Version:  Direct3D 11.0 [level 11.1]
    Renderer: NVIDIA GeForce RTX 2060 (ID=0x1f08)
    Vendor:   
    VRAM:     5980 MB
    Driver:   27.21.14.6140
Shader 'Oculus/OVRMRCameraFrameLit': fallback shader 'Alpha-Diffuse' not found
Initialize mono
Mono path[0] = 'C:/Program Files/Unity/2020.3.5f1/Editor/Data/Managed'
Mono path[1] = 'C:/Program Files/Unity/2020.3.5f1/Editor/Data/MonoBleedingEdge/lib/mono/unityjit'
Mono config path = 'C:/Program Files/Unity/2020.3.5f1/Editor/Data/MonoBleedingEdge/etc'
Using monoOptions --debugger-agent=transport=dt_socket,embedding=1,server=y,suspend=n,address=127.0.0.1:56364
Begin MonoManager ReloadAssembly
Registering precompiled unity dll's ...
Register platform support module: C:/Program Files/Unity/2020.3.5f1/Editor/Data/PlaybackEngines/WebGLSupport/UnityEditor.WebGL.Extensions.dll
Register platform support module: C:/Program Files/Unity/2020.3.5f1/Editor/Data/PlaybackEngines/WindowsStandaloneSupport/UnityEditor.WindowsStandalone.Extensions.dll
Registered in 0.002151 seconds.
Native extension for WindowsStandalone target not found
Native extension for WebGL target not found
Refreshing native plugins compatible for Editor in 55.30 ms, found 4 plugins.
Preloading 1 native plugins for Editor in 0.08 ms.
Mono: successfully reloaded assembly
- Completed reload, in  1.874 seconds
Platform modules already initialized, skipping
Registering precompiled user dll's ...
Registered in 0.002612 seconds.
Begin MonoManager ReloadAssembly
Native extension for WindowsStandalone target not found
Native extension for WebGL target not found
Refreshing native plugins compatible for Editor in 0.68 ms, found 4 plugins.
Preloading 1 native plugins for Editor in 0.07 ms.
[XR] OculusXRPlugin: registering subsystems
[XR] Unable to register display lifecyle provider: [1]
[XR] Oculus Input lifecycle provider registered.
[XR] Unable to register input lifecyle provider: [1]
[XR] OVRP version 1.64.0
Mono: successfully reloaded assembly
- Completed reload, in  0.927 seconds
Platform modules already initialized, skipping
========================================================================
Worker process is ready to serve import requests
Shader 'Oculus/OVRMRCameraFrameLit': fallback shader 'Alpha-Diffuse' not found
Launched and connected shader compiler UnityShaderCompiler.exe after 0.05 seconds
Refreshing native plugins compatible for Editor in 0.74 ms, found 4 plugins.
Preloading 1 native plugins for Editor in 0.11 ms.
Unloading 1800 Unused Serialized files (Serialized files now loaded: 0)
System memory in use before: 94.5 MB.
System memory in use after: 94.6 MB.

Unloading 35 unused Assets to reduce memory usage. Loaded Objects now: 2226.
Total: 2.199300 ms (FindLiveObjects: 0.364100 ms CreateObjectMapping: 0.056300 ms MarkObjects: 1.667600 ms  DeleteObjects: 0.109800 ms)

========================================================================
Received Import Request.
  path: Assets
  artifactKey: Guid(00000000000000001000000000000000) Importer(815301076,1909f56bfc062723c751e8b465ee728b)
Start importing Assets using Guid(00000000000000001000000000000000) Importer(815301076,1909f56bfc062723c751e8b465ee728b)  -> (artifact id: 'e4856052512617ee48189cf1d7999900') in 0.009020 seconds
  Import took 0.012169 seconds .

========================================================================
Received Import Request.
  Time since last request: 6.996947 seconds.
  path: Assets/XR
  artifactKey: Guid(817b6f5dbc14eef4da84b544b73321e6) Importer(815301076,1909f56bfc062723c751e8b465ee728b)
Start importing Assets/XR using Guid(817b6f5dbc14eef4da84b544b73321e6) Importer(815301076,1909f56bfc062723c751e8b465ee728b)  -> (artifact id: '39502def4d6bdaa88d72bc54285da9d6') in 0.005677 seconds
  Import took 0.008818 seconds .

========================================================================
Received Import Request.
  Time since last request: 0.051942 seconds.
  path: Assets/XR/XRGeneralSettings.asset
  artifactKey: Guid(ed41f42c95679fc45ae463de5660061f) Importer(815301076,1909f56bfc062723c751e8b465ee728b)
Start importing Assets/XR/XRGeneralSettings.asset using Guid(ed41f42c95679fc45ae463de5660061f) Importer(815301076,1909f56bfc062723c751e8b465ee728b)  -> (artifact id: '41ada280542b98f7a4a7f2e65c4f4c37') in 0.035126 seconds
  Import took 0.038657 seconds .

========================================================================
Received Import Request.
  Time since last request: 2.418700 seconds.
  path: Assets/Scenes
  artifactKey: Guid(9342a53a9c572c6488175b3c6d7bb199) Importer(815301076,1909f56bfc062723c751e8b465ee728b)
Start importing Assets/Scenes using Guid(9342a53a9c572c6488175b3c6d7bb199) Importer(815301076,1909f56bfc062723c751e8b465ee728b)  -> (artifact id: '566869eab6c4e909330f43ccf1215bf0') in 0.006420 seconds
  Import took 0.009571 seconds .

========================================================================
Received Import Request.
  Time since last request: 0.000827 seconds.
  path: Assets/Scenes
  artifactKey: Guid(9342a53a9c572c6488175b3c6d7bb199) Importer(815301076,1909f56bfc062723c751e8b465ee728b)
Start importing Assets/Scenes using Guid(9342a53a9c572c6488175b3c6d7bb199) Importer(815301076,1909f56bfc062723c751e8b465ee728b)  -> (artifact id: '566869eab6c4e909330f43ccf1215bf0') in 0.002245 seconds
  Import took 0.005253 seconds .

========================================================================
Received Import Request.
  Time since last request: 27.974525 seconds.
  path: Assets/Resources
  artifactKey: Guid(fb34798a80fe7904bb28562340ea80ae) Importer(815301076,1909f56bfc062723c751e8b465ee728b)
Start importing Assets/Resources using Guid(fb34798a80fe7904bb28562340ea80ae) Importer(815301076,1909f56bfc062723c751e8b465ee728b)  -> (artifact id: '573de44bd707ffee652d98907cf2e9e5') in 0.005514 seconds
  Import took 0.008852 seconds .

========================================================================
Received Import Request.
  Time since last request: 0.074887 seconds.
  path: Assets/Resources/ONSPSettings.asset
  artifactKey: Guid(a0af15118c510fc47bcd680574fd6ec5) Importer(815301076,1909f56bfc062723c751e8b465ee728b)
Start importing Assets/Resources/ONSPSettings.asset using Guid(a0af15118c510fc47bcd680574fd6ec5) Importer(815301076,1909f56bfc062723c751e8b465ee728b)  -> (artifact id: 'e6579a1d9a283469131aaf73f2c1bda1') in 0.005932 seconds
  Import took 0.009080 seconds .

========================================================================
Received Import Request.
  Time since last request: 0.000176 seconds.
  path: Assets/Resources/OVRPlatformToolSettings.asset
  artifactKey: Guid(7f570411c76da704887ffe39965291d1) Importer(815301076,1909f56bfc062723c751e8b465ee728b)
Start importing Assets/Resources/OVRPlatformToolSettings.asset using Guid(7f570411c76da704887ffe39965291d1) Importer(815301076,1909f56bfc062723c751e8b465ee728b)  -> (artifact id: '9102593aee32736839ef4546f1979077') in 0.009519 seconds
  Import took 0.012240 seconds .

========================================================================
Received Prepare
Registering precompiled user dll's ...
Registered in 0.002047 seconds.
Begin MonoManager ReloadAssembly
Native extension for WindowsStandalone target not found
Native extension for WebGL target not found
Refreshing native plugins compatible for Editor in 0.71 ms, found 3 plugins.
Preloading 1 native plugins for Editor in 0.07 ms.
Mono: successfully reloaded assembly
- Completed reload, in  0.830 seconds
Platform modules already initialized, skipping
Shader 'Oculus/OVRMRCameraFrameLit': fallback shader 'Alpha-Diffuse' not found
Refreshing native plugins compatible for Editor in 0.74 ms, found 3 plugins.
Preloading 1 native plugins for Editor in 0.08 ms.
Unloading 1641 Unused Serialized files (Serialized files now loaded: 0)
System memory in use before: 86.9 MB.
System memory in use after: 87.0 MB.

Unloading 70 unused Assets to reduce memory usage. Loaded Objects now: 2188.
Total: 2.172600 ms (FindLiveObjects: 0.235900 ms CreateObjectMapping: 0.044400 ms MarkObjects: 1.790600 ms  DeleteObjects: 0.100400 ms)

========================================================================
Received Prepare
Registering precompiled user dll's ...
Registered in 0.001871 seconds.
Begin MonoManager ReloadAssembly
Native extension for WindowsStandalone target not found
Native extension for WebGL target not found
Refreshing native plugins compatible for Editor in 0.67 ms, found 3 plugins.
Preloading 1 native plugins for Editor in 0.10 ms.
Mono: successfully reloaded assembly
- Completed reload, in  0.944 seconds
Platform modules already initialized, skipping
Shader 'Oculus/OVRMRCameraFrameLit': fallback shader 'Alpha-Diffuse' not found
Refreshing native plugins compatible for Editor in 1.08 ms, found 3 plugins.
Preloading 1 native plugins for Editor in 0.10 ms.
Unloading 1641 Unused Serialized files (Serialized files now loaded: 0)
System memory in use before: 86.6 MB.
System memory in use after: 86.7 MB.

Unloading 29 unused Assets to reduce memory usage. Loaded Objects now: 2191.
Total: 2.485700 ms (FindLiveObjects: 0.325300 ms CreateObjectMapping: 0.052100 ms MarkObjects: 2.022100 ms  DeleteObjects: 0.083600 ms)

========================================================================
Received Prepare
Registering precompiled user dll's ...
Registered in 0.001852 seconds.
Begin MonoManager ReloadAssembly
Native extension for WindowsStandalone target not found
Native extension for WebGL target not found
Refreshing native plugins compatible for Editor in 0.85 ms, found 3 plugins.
Preloading 1 native plugins for Editor in 0.12 ms.
Mono: successfully reloaded assembly
- Completed reload, in  0.937 seconds
Platform modules already initialized, skipping
Shader 'Oculus/OVRMRCameraFrameLit': fallback shader 'Alpha-Diffuse' not found
Refreshing native plugins compatible for Editor in 0.72 ms, found 3 plugins.
Preloading 1 native plugins for Editor in 0.08 ms.
Unloading 1641 Unused Serialized files (Serialized files now loaded: 0)
System memory in use before: 86.6 MB.
System memory in use after: 86.7 MB.

Unloading 29 unused Assets to reduce memory usage. Loaded Objects now: 2194.
Total: 3.717500 ms (FindLiveObjects: 1.156700 ms CreateObjectMapping: 0.072400 ms MarkObjects: 2.396900 ms  DeleteObjects: 0.088700 ms)

